<?xml version="1.0" encoding="UTF-8"?>
<!-- Generated by org.testng.reporters.JUnitReportReporter -->
<testsuite hostname="LAPTOP-04AKG4B2" failures="0" tests="1" name="swag.Test.ApplicationTest" time="11.409" errors="0" timestamp="2024-08-03T22:49:13 IST" skipped="0">
  <testcase classname="swag.Test.ApplicationTest" name="SwagTest" time="11.409"/>
</testsuite> <!-- swag.Test.ApplicationTest -->
